<?xml version="1.0" encoding="UTF-8"?>
<testsuite xmlns:xsi="http://www.w3.org/2001/XMLSchema-instance" xsi:noNamespaceSchemaLocation="https://maven.apache.org/surefire/maven-surefire-plugin/xsd/surefire-test-report-3.0.xsd" version="3.0" name="org.sonar.samples.java.checks.AvoidAnnotationCheckTest" time="1.408" tests="1" errors="0" skipped="0" failures="0">
  <properties>
    <property name="sun.desktop" value="windows"/>
    <property name="awt.toolkit" value="sun.awt.windows.WToolkit"/>
    <property name="java.specification.version" value="11"/>
    <property name="sun.cpu.isalist" value="amd64"/>
    <property name="sun.jnu.encoding" value="Cp1252"/>
    <property name="java.class.path" value="C:\Study\workspace\Java_Custom_Rules\target\test-classes;C:\Study\workspace\Java_Custom_Rules\target\classes;C:\Users\484260\.m2\repository\org\sonarsource\sonarqube\sonar-plugin-api\8.2.0.32929\sonar-plugin-api-8.2.0.32929.jar;C:\Users\484260\.m2\repository\org\sonarsource\scanner\maven\sonar-maven-plugin\3.7.0.1746\sonar-maven-plugin-3.7.0.1746.jar;C:\Users\484260\.m2\repository\org\sonatype\plexus\plexus-sec-dispatcher\1.4\plexus-sec-dispatcher-1.4.jar;C:\Users\484260\.m2\repository\org\sonatype\plexus\plexus-cipher\1.4\plexus-cipher-1.4.jar;C:\Users\484260\.m2\repository\org\codehaus\plexus\plexus-utils\3.2.1\plexus-utils-3.2.1.jar;C:\Users\484260\.m2\repository\org\sonarsource\scanner\api\sonar-scanner-api\2.14.0.2002\sonar-scanner-api-2.14.0.2002.jar;C:\Users\484260\.m2\repository\org\sonarsource\java\sonar-java-plugin\6.3.0.21585\sonar-java-plugin-6.3.0.21585.jar;C:\Users\484260\.m2\repository\org\sonarsource\java\java-surefire\6.3.0.21585\java-surefire-6.3.0.21585.jar;C:\Users\484260\.m2\repository\com\fasterxml\staxmate\staxmate\2.3.1\staxmate-2.3.1.jar;C:\Users\484260\.m2\repository\org\codehaus\woodstox\stax2-api\3.1.4\stax2-api-3.1.4.jar;C:\Users\484260\.m2\repository\org\sonarsource\analyzer-commons\sonar-xml-parsing\1.11.0.541\sonar-xml-parsing-1.11.0.541.jar;C:\Users\484260\.m2\repository\xerces\xercesImpl\2.12.0\xercesImpl-2.12.0.jar;C:\Users\484260\.m2\repository\xml-apis\xml-apis\1.4.01\xml-apis-1.4.01.jar;C:\Users\484260\.m2\repository\com\fasterxml\woodstox\woodstox-core\5.2.0\woodstox-core-5.2.0.jar;C:\Users\484260\.m2\repository\org\sonarsource\java\java-frontend\6.3.0.21585\java-frontend-6.3.0.21585.jar;C:\Users\484260\.m2\repository\org\sonarsource\java\jdt\6.3.0.21585\jdt-6.3.0.21585-shaded.jar;C:\Users\484260\.m2\repository\org\eclipse\jdt\org.eclipse.jdt.core\3.20.0\org.eclipse.jdt.core-3.20.0.jar;C:\Users\484260\.m2\repository\org\eclipse\platform\org.eclipse.core.resources\3.13.700\org.eclipse.core.resources-3.13.700.jar;C:\Users\484260\.m2\repository\org\eclipse\platform\org.eclipse.core.runtime\3.18.0\org.eclipse.core.runtime-3.18.0.jar;C:\Users\484260\.m2\repository\org\eclipse\platform\org.eclipse.osgi\3.15.300\org.eclipse.osgi-3.15.300.jar;C:\Users\484260\.m2\repository\org\eclipse\platform\org.eclipse.equinox.common\3.12.0\org.eclipse.equinox.common-3.12.0.jar;C:\Users\484260\.m2\repository\org\eclipse\platform\org.eclipse.core.jobs\3.10.800\org.eclipse.core.jobs-3.10.800.jar;C:\Users\484260\.m2\repository\org\eclipse\platform\org.eclipse.equinox.preferences\3.8.0\org.eclipse.equinox.preferences-3.8.0.jar;C:\Users\484260\.m2\repository\org\eclipse\platform\org.eclipse.core.contenttype\3.7.700\org.eclipse.core.contenttype-3.7.700.jar;C:\Users\484260\.m2\repository\org\eclipse\platform\org.eclipse.text\3.10.200\org.eclipse.text-3.10.200.jar;C:\Users\484260\.m2\repository\org\eclipse\platform\org.eclipse.core.commands\3.9.700\org.eclipse.core.commands-3.9.700.jar;C:\Users\484260\.m2\repository\org\ow2\asm\asm-commons\7.1\asm-commons-7.1.jar;C:\Users\484260\.m2\repository\org\ow2\asm\asm\7.1\asm-7.1.jar;C:\Users\484260\.m2\repository\org\ow2\asm\asm-tree\7.1\asm-tree-7.1.jar;C:\Users\484260\.m2\repository\org\ow2\asm\asm-analysis\7.1\asm-analysis-7.1.jar;C:\Users\484260\.m2\repository\org\ow2\asm\asm-util\7.1\asm-util-7.1.jar;C:\Users\484260\.m2\repository\org\sonarsource\java\java-checks\6.3.0.21585\java-checks-6.3.0.21585.jar;C:\Users\484260\.m2\repository\org\sonarsource\analyzer-commons\sonar-analyzer-recognizers\1.11.0.541\sonar-analyzer-recognizers-1.11.0.541.jar;C:\Users\484260\.m2\repository\org\sonarsource\java\external-reports\6.3.0.21585\external-reports-6.3.0.21585.jar;C:\Users\484260\.m2\repository\org\sonarsource\java\java-jsp\6.3.0.21585\java-jsp-6.3.0.21585.jar;C:\Users\484260\.m2\repository\org\apache\tomcat\embed\tomcat-embed-jasper\9.0.33\tomcat-embed-jasper-9.0.33.jar;C:\Users\484260\.m2\repository\org\apache\tomcat\embed\tomcat-embed-core\9.0.33\tomcat-embed-core-9.0.33.jar;C:\Users\484260\.m2\repository\org\apache\tomcat\tomcat-annotations-api\9.0.33\tomcat-annotations-api-9.0.33.jar;C:\Users\484260\.m2\repository\org\apache\tomcat\embed\tomcat-embed-el\9.0.33\tomcat-embed-el-9.0.33.jar;C:\Users\484260\.m2\repository\org\sonarsource\analyzer-commons\sonar-analyzer-commons\1.11.0.541\sonar-analyzer-commons-1.11.0.541.jar;C:\Users\484260\.m2\repository\org\sonarsource\sonarqube\sonar-plugin-api-impl\8.2.0.32929\sonar-plugin-api-impl-8.2.0.32929.jar;C:\Users\484260\.m2\repository\commons-codec\commons-codec\1.12\commons-codec-1.12.jar;C:\Users\484260\.m2\repository\commons-io\commons-io\2.6\commons-io-2.6.jar;C:\Users\484260\.m2\repository\org\apache\commons\commons-csv\1.7\commons-csv-1.7.jar;C:\Users\484260\.m2\repository\org\sonarsource\sslr-squid-bridge\sslr-squid-bridge\2.6.1\sslr-squid-bridge-2.6.1.jar;C:\Users\484260\.m2\repository\org\picocontainer\picocontainer\2.14.1\picocontainer-2.14.1.jar;C:\Users\484260\.m2\repository\org\sonarsource\java\java-checks-testkit\6.3.0.21585\java-checks-testkit-6.3.0.21585.jar;C:\Users\484260\.m2\repository\com\google\code\findbugs\jsr305\1.3.9\jsr305-1.3.9.jar;C:\Users\484260\.m2\repository\com\google\code\gson\gson\2.6.2\gson-2.6.2.jar;C:\Users\484260\.m2\repository\org\sonarsource\sslr\sslr-testing-harness\1.21\sslr-testing-harness-1.21.jar;C:\Users\484260\.m2\repository\org\sonarsource\sslr\sslr-core\1.21\sslr-core-1.21.jar;C:\Users\484260\.m2\repository\cglib\cglib-nodep\3.1\cglib-nodep-3.1.jar;C:\Users\484260\.m2\repository\org\sonarsource\sslr\sslr-toolkit\1.21\sslr-toolkit-1.21.jar;C:\Users\484260\.m2\repository\org\sonarsource\sslr\sslr-xpath\1.21\sslr-xpath-1.21.jar;C:\Users\484260\.m2\repository\jaxen\jaxen\1.1.4\jaxen-1.1.4.jar;C:\Users\484260\.m2\repository\org\codehaus\sonar\sonar-colorizer\3.7\sonar-colorizer-3.7.jar;C:\Users\484260\.m2\repository\org\codehaus\sonar\sonar-channel\3.7\sonar-channel-3.7.jar;C:\Users\484260\.m2\repository\org\easytesting\fest-assert\1.4\fest-assert-1.4.jar;C:\Users\484260\.m2\repository\org\easytesting\fest-util\1.1.6\fest-util-1.1.6.jar;C:\Users\484260\.m2\repository\org\hamcrest\hamcrest-all\1.1\hamcrest-all-1.1.jar;C:\Users\484260\.m2\repository\commons-lang\commons-lang\2.6\commons-lang-2.6.jar;C:\Users\484260\.m2\repository\com\google\guava\guava\26.0-jre\guava-26.0-jre.jar;C:\Users\484260\.m2\repository\org\checkerframework\checker-qual\2.5.2\checker-qual-2.5.2.jar;C:\Users\484260\.m2\repository\com\google\errorprone\error_prone_annotations\2.1.3\error_prone_annotations-2.1.3.jar;C:\Users\484260\.m2\repository\com\google\j2objc\j2objc-annotations\1.1\j2objc-annotations-1.1.jar;C:\Users\484260\.m2\repository\org\codehaus\mojo\animal-sniffer-annotations\1.14\animal-sniffer-annotations-1.14.jar;C:\Users\484260\.m2\repository\org\slf4j\slf4j-api\1.6.2\slf4j-api-1.6.2.jar;C:\Users\484260\.m2\repository\junit\junit\4.11\junit-4.11.jar;C:\Users\484260\.m2\repository\org\hamcrest\hamcrest-core\1.3\hamcrest-core-1.3.jar;C:\Users\484260\.m2\repository\org\assertj\assertj-core\3.6.1\assertj-core-3.6.1.jar;C:\Users\484260\.m2\repository\ch\qos\logback\logback-classic\0.9.30\logback-classic-0.9.30.jar;C:\Users\484260\.m2\repository\ch\qos\logback\logback-core\0.9.30\logback-core-0.9.30.jar;"/>
    <property name="java.vm.vendor" value="Oracle Corporation"/>
    <property name="sun.arch.data.model" value="64"/>
    <property name="user.variant" value=""/>
    <property name="java.vendor.url" value="http://java.oracle.com/"/>
    <property name="user.timezone" value="Asia/Calcutta"/>
    <property name="java.vm.specification.version" value="11"/>
    <property name="os.name" value="Windows 10"/>
    <property name="sun.java.launcher" value="SUN_STANDARD"/>
    <property name="user.country" value="US"/>
    <property name="sun.boot.library.path" value="C:\Program Files\Java\jdk-11.0.3\bin"/>
    <property name="sun.java.command" value="C:\Users\484260\AppData\Local\Temp\surefire2147978095233156399\surefirebooter12551661876507555642.jar C:\Users\484260\AppData\Local\Temp\surefire2147978095233156399 2020-07-16T14-42-13_259-jvmRun1 surefire8837778319072359075tmp surefire_016274557945145422790tmp"/>
    <property name="jdk.debug" value="release"/>
    <property name="surefire.test.class.path" value="C:\Study\workspace\Java_Custom_Rules\target\test-classes;C:\Study\workspace\Java_Custom_Rules\target\classes;C:\Users\484260\.m2\repository\org\sonarsource\sonarqube\sonar-plugin-api\8.2.0.32929\sonar-plugin-api-8.2.0.32929.jar;C:\Users\484260\.m2\repository\org\sonarsource\scanner\maven\sonar-maven-plugin\3.7.0.1746\sonar-maven-plugin-3.7.0.1746.jar;C:\Users\484260\.m2\repository\org\sonatype\plexus\plexus-sec-dispatcher\1.4\plexus-sec-dispatcher-1.4.jar;C:\Users\484260\.m2\repository\org\sonatype\plexus\plexus-cipher\1.4\plexus-cipher-1.4.jar;C:\Users\484260\.m2\repository\org\codehaus\plexus\plexus-utils\3.2.1\plexus-utils-3.2.1.jar;C:\Users\484260\.m2\repository\org\sonarsource\scanner\api\sonar-scanner-api\2.14.0.2002\sonar-scanner-api-2.14.0.2002.jar;C:\Users\484260\.m2\repository\org\sonarsource\java\sonar-java-plugin\6.3.0.21585\sonar-java-plugin-6.3.0.21585.jar;C:\Users\484260\.m2\repository\org\sonarsource\java\java-surefire\6.3.0.21585\java-surefire-6.3.0.21585.jar;C:\Users\484260\.m2\repository\com\fasterxml\staxmate\staxmate\2.3.1\staxmate-2.3.1.jar;C:\Users\484260\.m2\repository\org\codehaus\woodstox\stax2-api\3.1.4\stax2-api-3.1.4.jar;C:\Users\484260\.m2\repository\org\sonarsource\analyzer-commons\sonar-xml-parsing\1.11.0.541\sonar-xml-parsing-1.11.0.541.jar;C:\Users\484260\.m2\repository\xerces\xercesImpl\2.12.0\xercesImpl-2.12.0.jar;C:\Users\484260\.m2\repository\xml-apis\xml-apis\1.4.01\xml-apis-1.4.01.jar;C:\Users\484260\.m2\repository\com\fasterxml\woodstox\woodstox-core\5.2.0\woodstox-core-5.2.0.jar;C:\Users\484260\.m2\repository\org\sonarsource\java\java-frontend\6.3.0.21585\java-frontend-6.3.0.21585.jar;C:\Users\484260\.m2\repository\org\sonarsource\java\jdt\6.3.0.21585\jdt-6.3.0.21585-shaded.jar;C:\Users\484260\.m2\repository\org\eclipse\jdt\org.eclipse.jdt.core\3.20.0\org.eclipse.jdt.core-3.20.0.jar;C:\Users\484260\.m2\repository\org\eclipse\platform\org.eclipse.core.resources\3.13.700\org.eclipse.core.resources-3.13.700.jar;C:\Users\484260\.m2\repository\org\eclipse\platform\org.eclipse.core.runtime\3.18.0\org.eclipse.core.runtime-3.18.0.jar;C:\Users\484260\.m2\repository\org\eclipse\platform\org.eclipse.osgi\3.15.300\org.eclipse.osgi-3.15.300.jar;C:\Users\484260\.m2\repository\org\eclipse\platform\org.eclipse.equinox.common\3.12.0\org.eclipse.equinox.common-3.12.0.jar;C:\Users\484260\.m2\repository\org\eclipse\platform\org.eclipse.core.jobs\3.10.800\org.eclipse.core.jobs-3.10.800.jar;C:\Users\484260\.m2\repository\org\eclipse\platform\org.eclipse.equinox.preferences\3.8.0\org.eclipse.equinox.preferences-3.8.0.jar;C:\Users\484260\.m2\repository\org\eclipse\platform\org.eclipse.core.contenttype\3.7.700\org.eclipse.core.contenttype-3.7.700.jar;C:\Users\484260\.m2\repository\org\eclipse\platform\org.eclipse.text\3.10.200\org.eclipse.text-3.10.200.jar;C:\Users\484260\.m2\repository\org\eclipse\platform\org.eclipse.core.commands\3.9.700\org.eclipse.core.commands-3.9.700.jar;C:\Users\484260\.m2\repository\org\ow2\asm\asm-commons\7.1\asm-commons-7.1.jar;C:\Users\484260\.m2\repository\org\ow2\asm\asm\7.1\asm-7.1.jar;C:\Users\484260\.m2\repository\org\ow2\asm\asm-tree\7.1\asm-tree-7.1.jar;C:\Users\484260\.m2\repository\org\ow2\asm\asm-analysis\7.1\asm-analysis-7.1.jar;C:\Users\484260\.m2\repository\org\ow2\asm\asm-util\7.1\asm-util-7.1.jar;C:\Users\484260\.m2\repository\org\sonarsource\java\java-checks\6.3.0.21585\java-checks-6.3.0.21585.jar;C:\Users\484260\.m2\repository\org\sonarsource\analyzer-commons\sonar-analyzer-recognizers\1.11.0.541\sonar-analyzer-recognizers-1.11.0.541.jar;C:\Users\484260\.m2\repository\org\sonarsource\java\external-reports\6.3.0.21585\external-reports-6.3.0.21585.jar;C:\Users\484260\.m2\repository\org\sonarsource\java\java-jsp\6.3.0.21585\java-jsp-6.3.0.21585.jar;C:\Users\484260\.m2\repository\org\apache\tomcat\embed\tomcat-embed-jasper\9.0.33\tomcat-embed-jasper-9.0.33.jar;C:\Users\484260\.m2\repository\org\apache\tomcat\embed\tomcat-embed-core\9.0.33\tomcat-embed-core-9.0.33.jar;C:\Users\484260\.m2\repository\org\apache\tomcat\tomcat-annotations-api\9.0.33\tomcat-annotations-api-9.0.33.jar;C:\Users\484260\.m2\repository\org\apache\tomcat\embed\tomcat-embed-el\9.0.33\tomcat-embed-el-9.0.33.jar;C:\Users\484260\.m2\repository\org\sonarsource\analyzer-commons\sonar-analyzer-commons\1.11.0.541\sonar-analyzer-commons-1.11.0.541.jar;C:\Users\484260\.m2\repository\org\sonarsource\sonarqube\sonar-plugin-api-impl\8.2.0.32929\sonar-plugin-api-impl-8.2.0.32929.jar;C:\Users\484260\.m2\repository\commons-codec\commons-codec\1.12\commons-codec-1.12.jar;C:\Users\484260\.m2\repository\commons-io\commons-io\2.6\commons-io-2.6.jar;C:\Users\484260\.m2\repository\org\apache\commons\commons-csv\1.7\commons-csv-1.7.jar;C:\Users\484260\.m2\repository\org\sonarsource\sslr-squid-bridge\sslr-squid-bridge\2.6.1\sslr-squid-bridge-2.6.1.jar;C:\Users\484260\.m2\repository\org\picocontainer\picocontainer\2.14.1\picocontainer-2.14.1.jar;C:\Users\484260\.m2\repository\org\sonarsource\java\java-checks-testkit\6.3.0.21585\java-checks-testkit-6.3.0.21585.jar;C:\Users\484260\.m2\repository\com\google\code\findbugs\jsr305\1.3.9\jsr305-1.3.9.jar;C:\Users\484260\.m2\repository\com\google\code\gson\gson\2.6.2\gson-2.6.2.jar;C:\Users\484260\.m2\repository\org\sonarsource\sslr\sslr-testing-harness\1.21\sslr-testing-harness-1.21.jar;C:\Users\484260\.m2\repository\org\sonarsource\sslr\sslr-core\1.21\sslr-core-1.21.jar;C:\Users\484260\.m2\repository\cglib\cglib-nodep\3.1\cglib-nodep-3.1.jar;C:\Users\484260\.m2\repository\org\sonarsource\sslr\sslr-toolkit\1.21\sslr-toolkit-1.21.jar;C:\Users\484260\.m2\repository\org\sonarsource\sslr\sslr-xpath\1.21\sslr-xpath-1.21.jar;C:\Users\484260\.m2\repository\jaxen\jaxen\1.1.4\jaxen-1.1.4.jar;C:\Users\484260\.m2\repository\org\codehaus\sonar\sonar-colorizer\3.7\sonar-colorizer-3.7.jar;C:\Users\484260\.m2\repository\org\codehaus\sonar\sonar-channel\3.7\sonar-channel-3.7.jar;C:\Users\484260\.m2\repository\org\easytesting\fest-assert\1.4\fest-assert-1.4.jar;C:\Users\484260\.m2\repository\org\easytesting\fest-util\1.1.6\fest-util-1.1.6.jar;C:\Users\484260\.m2\repository\org\hamcrest\hamcrest-all\1.1\hamcrest-all-1.1.jar;C:\Users\484260\.m2\repository\commons-lang\commons-lang\2.6\commons-lang-2.6.jar;C:\Users\484260\.m2\repository\com\google\guava\guava\26.0-jre\guava-26.0-jre.jar;C:\Users\484260\.m2\repository\org\checkerframework\checker-qual\2.5.2\checker-qual-2.5.2.jar;C:\Users\484260\.m2\repository\com\google\errorprone\error_prone_annotations\2.1.3\error_prone_annotations-2.1.3.jar;C:\Users\484260\.m2\repository\com\google\j2objc\j2objc-annotations\1.1\j2objc-annotations-1.1.jar;C:\Users\484260\.m2\repository\org\codehaus\mojo\animal-sniffer-annotations\1.14\animal-sniffer-annotations-1.14.jar;C:\Users\484260\.m2\repository\org\slf4j\slf4j-api\1.6.2\slf4j-api-1.6.2.jar;C:\Users\484260\.m2\repository\junit\junit\4.11\junit-4.11.jar;C:\Users\484260\.m2\repository\org\hamcrest\hamcrest-core\1.3\hamcrest-core-1.3.jar;C:\Users\484260\.m2\repository\org\assertj\assertj-core\3.6.1\assertj-core-3.6.1.jar;C:\Users\484260\.m2\repository\ch\qos\logback\logback-classic\0.9.30\logback-classic-0.9.30.jar;C:\Users\484260\.m2\repository\ch\qos\logback\logback-core\0.9.30\logback-core-0.9.30.jar;"/>
    <property name="sun.cpu.endian" value="little"/>
    <property name="user.home" value="C:\Users\484260"/>
    <property name="user.language" value="en"/>
    <property name="java.specification.vendor" value="Oracle Corporation"/>
    <property name="java.version.date" value="2019-04-16"/>
    <property name="java.home" value="C:\Program Files\Java\jdk-11.0.3"/>
    <property name="file.separator" value="\"/>
    <property name="basedir" value="C:\Study\workspace\Java_Custom_Rules"/>
    <property name="java.vm.compressedOopsMode" value="32-bit"/>
    <property name="line.separator" value="&#10;"/>
    <property name="java.specification.name" value="Java Platform API Specification"/>
    <property name="java.vm.specification.vendor" value="Oracle Corporation"/>
    <property name="java.awt.graphicsenv" value="sun.awt.Win32GraphicsEnvironment"/>
    <property name="surefire.real.class.path" value="C:\Users\484260\AppData\Local\Temp\surefire2147978095233156399\surefirebooter12551661876507555642.jar"/>
    <property name="user.script" value=""/>
    <property name="sun.management.compiler" value="HotSpot 64-Bit Tiered Compilers"/>
    <property name="java.runtime.version" value="11.0.3+12-LTS"/>
    <property name="user.name" value="484260"/>
    <property name="path.separator" value=";"/>
    <property name="os.version" value="10.0"/>
    <property name="java.runtime.name" value="Java(TM) SE Runtime Environment"/>
    <property name="file.encoding" value="Cp1252"/>
    <property name="java.vm.name" value="Java HotSpot(TM) 64-Bit Server VM"/>
    <property name="java.vendor.version" value="18.9"/>
    <property name="localRepository" value="C:\Users\484260\.m2\repository"/>
    <property name="java.vendor.url.bug" value="http://bugreport.java.com/bugreport/"/>
    <property name="java.io.tmpdir" value="C:\Users\484260\AppData\Local\Temp\"/>
    <property name="java.version" value="11.0.3"/>
    <property name="user.dir" value="C:\Study\workspace\Java_Custom_Rules"/>
    <property name="os.arch" value="amd64"/>
    <property name="java.vm.specification.name" value="Java Virtual Machine Specification"/>
    <property name="java.awt.printerjob" value="sun.awt.windows.WPrinterJob"/>
    <property name="sun.os.patch.level" value=""/>
    <property name="java.library.path" value="C:\Program Files\Java\jdk-11.0.3\bin;C:\WINDOWS\Sun\Java\bin;C:\WINDOWS\system32;C:\WINDOWS;C:/Program Files/Java/jdk-11.0.3/bin/server;C:/Program Files/Java/jdk-11.0.3/bin;C:\Python38\Scripts\;C:\Python38\;C:\Program Files (x86)\Python38-32\Scripts\;C:\Program Files (x86)\Python38-32\;C:\WINDOWS\system32;C:\WINDOWS;C:\WINDOWS\System32\Wbem;C:\WINDOWS\System32\WindowsPowerShell\v1.0\;C:\WINDOWS\System32\OpenSSH\;C:\Program Files (x86)\Webex\Webex\Applications;C:\Program Files\Git\cmd;C:\Program Files\Microsoft VS Code\bin;C:\Program Files\Kubernetes\Minikube;C:\Program Files\Docker\Docker\resources\bin;C:\ProgramData\DockerDesktop\version-bin;C:\Program Files\Java\jdk-11.0.3\bin;C:\Program Files\nodejs\;C:\ProgramData\chocolatey\bin;C:\Study\Gradle\gradle-6.5\bin;C:\Study\Ant\apache-ant-1.10.8\bin;C:\Users\484260\AppData\Roaming\npm\node_modules\typescript\bin;C:\Study\Maven\apache-maven-3.6.3\bin;C:\Users\484260\AppData\Local\Microsoft\WindowsApps;C:\Users\484260\AppData\Local\GitHubDesktop\bin;C:\Program Files\Java\jdk-11.0.3\bin;C:\Users\484260\AppData\Roaming\npm;C:\Study\Eclipse\eclipse;;."/>
    <property name="java.vendor" value="Oracle Corporation"/>
    <property name="java.vm.info" value="mixed mode"/>
    <property name="java.vm.version" value="11.0.3+12-LTS"/>
    <property name="sun.io.unicode.encoding" value="UnicodeLittle"/>
    <property name="java.class.version" value="55.0"/>
  </properties>
  <testcase name="detected" classname="org.sonar.samples.java.checks.AvoidAnnotationCheckTest" time="1.362">
    <system-out><![CDATA[14:42:15.696 [main] DEBUG o.s.java.bytecode.ClassLoaderBuilder - ----- Classpath analyzed by Squid:
14:42:15.702 [main] DEBUG o.s.java.bytecode.ClassLoaderBuilder - C:\Study\workspace\Java_Custom_Rules\target\test-classes
14:42:15.702 [main] DEBUG o.s.java.bytecode.ClassLoaderBuilder - -----
14:42:15.798 [main] INFO  o.s.analyzer.commons.ProgressReport - 1 source files to be analyzed
MyAnnotation
Zuper
CompilationUnitTree : [
  ClassTree
    ModifiersTree
    IdentifierTree
    TypeParameters : [
    VariableTree
      ModifiersTree
      PrimitiveTypeTree
      IdentifierTree
    MethodTree
      ModifiersTree : [
        AnnotationTree
          IdentifierTree
          Arguments
        ]
      TypeParameters
      PrimitiveTypeTree
      IdentifierTree
      BlockTree
    MethodTree
      ModifiersTree : [
        AnnotationTree
          IdentifierTree
          Arguments
        ]
      TypeParameters
      PrimitiveTypeTree
      IdentifierTree
      BlockTree
    ]
  ]

14:42:16.676 [Report about progress of Java AST analyzer] INFO  o.s.analyzer.commons.ProgressReport - 1/1 source files have been analyzed
]]></system-out>
  </testcase>
</testsuite>